This file contains any messages produced by compilers while
running configure, to aid debugging if configure makes a mistake.

It was created by MinGW libgnurx configure 2.5.1, which was
generated by GNU Autoconf 2.59.  Invocation command line was

  $ ./configure 

## --------- ##
## Platform. ##
## --------- ##

hostname = ser-fb106ba6a56
uname -m = i686
uname -r = 1.0.18(0.48/3/2)
uname -s = MINGW32_NT-5.1
uname -v = 2012-11-21 22:34

/usr/bin/uname -p = unknown
/bin/uname -X     = unknown

/bin/arch              = unknown
/usr/bin/arch -k       = unknown
/usr/convex/getsysinfo = unknown
hostinfo               = unknown
/bin/machine           = unknown
/usr/bin/oslevel       = unknown
/bin/universe          = unknown

PATH: .
PATH: /usr/local/bin
PATH: /mingw/bin
PATH: /bin
PATH: /c/csvn/bin/
PATH: /c/csvn/Python25/
PATH: /c/WINDOWS/system32
PATH: /c/WINDOWS
PATH: /c/WINDOWS/System32/Wbem
PATH: /c/Qt5/Tools/mingw482_32/bin


## ----------- ##
## Core tests. ##
## ----------- ##

configure:1315: checking for gcc
configure:1331: found /c/Qt5/Tools/mingw482_32/bin/gcc
configure:1341: result: gcc
configure:1585: checking for C compiler version
configure:1588: gcc --version </dev/null >&5
gcc.exe (i686-posix-dwarf-rev3, Built by MinGW-W64 project) 4.8.2
Copyright (C) 2013 Free Software Foundation, Inc.
This is free software; see the source for copying conditions.  There is NO
warranty; not even for MERCHANTABILITY or FITNESS FOR A PARTICULAR PURPOSE.

configure:1591: $? = 0
configure:1593: gcc -v </dev/null >&5
Using built-in specs.
COLLECT_GCC=c:\Qt5\Tools\mingw482_32\bin\gcc.exe
COLLECT_LTO_WRAPPER=c:/Qt5/Tools/mingw482_32/bin/../libexec/gcc/i686-w64-mingw32/4.8.2/lto-wrapper.exe
Target: i686-w64-mingw32
Configured with: ../../../src/gcc-4.8.2/configure --host=i686-w64-mingw32 --build=i686-w64-mingw32 --target=i686-w64-mingw32 --prefix=/mingw32 --with-sysroot=/c/mingw482/i686-482-posix-dwarf-rt_v3-rev3/mingw32 --with-gxx-include-dir=/mingw32/i686-w64-mingw32/include/c++ --enable-shared --enable-static --disable-multilib --enable-languages=ada,c,c++,fortran,objc,obj-c++,lto --enable-libstdcxx-time=yes --enable-threads=posix --enable-libgomp --enable-libatomic --enable-lto --enable-graphite --enable-checking=release --enable-fully-dynamic-string --enable-version-specific-runtime-libs --disable-sjlj-exceptions --with-dwarf2 --disable-isl-version-check --disable-cloog-version-check --disable-libstdcxx-pch --disable-libstdcxx-debug --enable-bootstrap --disable-rpath --disable-win32-registry --disable-nls --disable-werror --disable-symvers --with-gnu-as --with-gnu-ld --with-arch=i686 --with-tune=generic --with-libiconv --with-system-zlib --with-gmp=/c/mingw482/prerequisites/i686-w64-mingw32-static --with-mpfr=/c/mingw482/prerequisites/i686-w64-mingw32-static --with-mpc=/c/mingw482/prerequisites/i686-w64-mingw32-static --with-isl=/c/mingw482/prerequisites/i686-w64-mingw32-static --with-cloog=/c/mingw482/prerequisites/i686-w64-mingw32-static --enable-cloog-backend=isl --with-pkgversion='i686-posix-dwarf-rev3, Built by MinGW-W64 project' --with-bugurl=http://sourceforge.net/projects/mingw-w64 CFLAGS='-O2 -pipe -I/c/mingw482/i686-482-posix-dwarf-rt_v3-rev3/mingw32/opt/include -I/c/mingw482/prerequisites/i686-zlib-static/include -I/c/mingw482/prerequisites/i686-w64-mingw32-static/include' CXXFLAGS='-O2 -pipe -I/c/mingw482/i686-482-posix-dwarf-rt_v3-rev3/mingw32/opt/include -I/c/mingw482/prerequisites/i686-zlib-static/include -I/c/mingw482/prerequisites/i686-w64-mingw32-static/include' CPPFLAGS= LDFLAGS='-pipe -L/c/mingw482/i686-482-posix-dwarf-rt_v3-rev3/mingw32/opt/lib -L/c/mingw482/prerequisites/i686-zlib-static/lib -L/c/mingw482/prerequisites/i686-w64-mingw32-static/lib -Wl,--large-address-aware'
Thread model: posix
gcc version 4.8.2 (i686-posix-dwarf-rev3, Built by MinGW-W64 project) 
configure:1596: $? = 0
configure:1598: gcc -V </dev/null >&5
gcc.exe: error: unrecognized command line option '-V'
gcc.exe: fatal error: no input files
compilation terminated.
configure:1601: $? = 1
configure:1624: checking for C compiler default output file name
configure:1627: gcc    conftest.c  >&5
configure:1630: $? = 0
configure:1676: result: a.exe
configure:1681: checking whether the C compiler works
configure:1687: ./a.exe
configure:1690: $? = 0
configure:1707: result: yes
configure:1714: checking whether we are cross compiling
configure:1716: result: no
configure:1719: checking for suffix of executables
configure:1721: gcc -o conftest.exe    conftest.c  >&5
configure:1724: $? = 0
configure:1749: result: .exe
configure:1755: checking for suffix of object files
configure:1776: gcc -c   conftest.c >&5
configure:1779: $? = 0
configure:1801: result: o
configure:1805: checking whether we are using the GNU C compiler
configure:1829: gcc -c   conftest.c >&5
configure:1835: $? = 0
configure:1839: test -z 
			 || test ! -s conftest.err
configure:1842: $? = 0
configure:1845: test -s conftest.o
configure:1848: $? = 0
configure:1861: result: yes
configure:1867: checking whether gcc accepts -g
configure:1888: gcc -c -g  conftest.c >&5
configure:1894: $? = 0
configure:1898: test -z 
			 || test ! -s conftest.err
configure:1901: $? = 0
configure:1904: test -s conftest.o
configure:1907: $? = 0
configure:1918: result: yes
configure:1935: checking for gcc option to accept ANSI C
configure:2005: gcc  -c -g -O2  conftest.c >&5
configure:2011: $? = 0
configure:2015: test -z 
			 || test ! -s conftest.err
configure:2018: $? = 0
configure:2021: test -s conftest.o
configure:2024: $? = 0
configure:2042: result: none needed
configure:2060: gcc -c -g -O2  conftest.c >&5
conftest.c:2:3: error: unknown type name 'choke'
   choke me
   ^
conftest.c:2:3: error: expected '=', ',', ';', 'asm' or '__attribute__' at end of input
configure:2066: $? = 1
configure: failed program was:
| #ifndef __cplusplus
|   choke me
| #endif
configure:2207: checking whether gcc accepts the -mthreads option
configure:2211: result: yes
configure:2220: checking whether gcc accepts the -mtune=pentium3 option
configure:2224: result: yes
configure:2315: checking for lib
configure:2344: result: no
configure:2525: creating ./config.status

## ---------------------- ##
## Running config.status. ##
## ---------------------- ##

This file was extended by MinGW libgnurx config.status 2.5.1, which was
generated by GNU Autoconf 2.59.  Invocation command line was

  CONFIG_FILES    = 
  CONFIG_HEADERS  = 
  CONFIG_LINKS    = 
  CONFIG_COMMANDS = 
  $ ./config.status 

on ser-fb106ba6a56

config.status:639: creating Makefile

## ---------------- ##
## Cache variables. ##
## ---------------- ##

ac_cv_c_compiler_gnu=yes
ac_cv_env_CC_set=
ac_cv_env_CC_value=
ac_cv_env_CFLAGS_set=
ac_cv_env_CFLAGS_value=
ac_cv_env_CPPFLAGS_set=
ac_cv_env_CPPFLAGS_value=
ac_cv_env_LDFLAGS_set=
ac_cv_env_LDFLAGS_value=
ac_cv_env_build_alias_set=
ac_cv_env_build_alias_value=
ac_cv_env_host_alias_set=
ac_cv_env_host_alias_value=
ac_cv_env_target_alias_set=
ac_cv_env_target_alias_value=
ac_cv_exeext=.exe
ac_cv_objext=o
ac_cv_prog_ac_ct_CC=gcc
ac_cv_prog_cc_g=yes
ac_cv_prog_cc_stdc=

## ----------------- ##
## Output variables. ##
## ----------------- ##

CC='gcc'
CC_QUALIFIED='gcc -mthreads -mtune=pentium3'
CFLAGS='-g -O2'
CPPFLAGS=''
DEFS='-DPACKAGE_NAME=\"MinGW\ libgnurx\" -DPACKAGE_TARNAME=\"mingw-libgnurx\" -DPACKAGE_VERSION=\"2.5.1\" -DPACKAGE_STRING=\"MinGW\ libgnurx\ 2.5.1\" -DPACKAGE_BUGREPORT=\"https://sourceforge.net/tracker/\?group_id=2435\&atid=102435\" '
DLLVERSION='0'
ECHO_C=''
ECHO_N='-n'
ECHO_T=''
EXEEXT='.exe'
GNURX_LIB=''
LDFLAGS=' -Wl,--enable-auto-image-base -Wl,--out-implib,libgnurx.dll.a'
LIBOBJS=''
LIBS=''
LTLIBOBJS=''
MSVCLIB=''
OBJEXT='o'
PACKAGE_BUGREPORT='https://sourceforge.net/tracker/?group_id=2435&atid=102435'
PACKAGE_NAME='MinGW libgnurx'
PACKAGE_STRING='MinGW libgnurx 2.5.1'
PACKAGE_TARNAME='mingw-libgnurx'
PACKAGE_VERSION='2.5.1'
PATH_SEPARATOR=':'
SHELL='/bin/sh'
ZIPCMD='tar czhf'
ZIPEXT='.tar.gz'
ac_ct_CC='gcc'
ac_ct_MSVCLIB=''
bindir='${exec_prefix}/bin'
build_alias=''
datadir='${prefix}/share'
exec_prefix='${prefix}'
host_alias=''
includedir='${prefix}/include'
infodir='${prefix}/info'
install_dev='install-dev'
libdir='${exec_prefix}/lib'
libexecdir='${exec_prefix}/libexec'
localstatedir='${prefix}/var'
mandir='${prefix}/man'
oldincludedir='/usr/include'
prefix='/usr/local'
program_transform_name='s,x,x,'
sbindir='${exec_prefix}/sbin'
sharedstatedir='${prefix}/com'
sysconfdir='${prefix}/etc'
target_alias=''

## ----------- ##
## confdefs.h. ##
## ----------- ##

#define PACKAGE_BUGREPORT "https://sourceforge.net/tracker/?group_id=2435&atid=102435"
#define PACKAGE_NAME "MinGW libgnurx"
#define PACKAGE_STRING "MinGW libgnurx 2.5.1"
#define PACKAGE_TARNAME "mingw-libgnurx"
#define PACKAGE_VERSION "2.5.1"

configure: exit 0
